2023-02-24 09:02:22	Meta
2023-02-24 09:02:22	{"key":"Artikelen","value":"Printcalc &times; 25","display_key":"Artikelen","display_value":"<p>Printcalc &times; 25<\/p>\n"}
2023-02-24 09:02:22	Meta
2023-02-24 09:02:22	{"key":"dc_connect-product_keys","value":"[{\"title\":\"Formaat\",\"value\":\"297x420\"},{\"title\":\"Materiaal\",\"value\":\"300 grams karton met viltmarkering  FSC | Tintoretto Gesso\"},{\"title\":\"Bedrukking\",\"value\":\"4\\\/4  | dubbelzijdig full-colour\"},{\"title\":\"Afwerking 1\",\"value\":\"schoonsnijden\"}]","display_key":"dc_connect-product_keys","display_value":"<p>[{\"title\":\"Formaat\",\"value\":\"297x420\"},{\"title\":\"Materiaal\",\"value\":\"300 grams karton met viltmarkering  FSC | Tintoretto Gesso\"},{\"title\":\"Bedrukking\",\"value\":\"4\\\/4  | dubbelzijdig full-colour\"},{\"title\":\"Afwerking 1\",\"value\":\"schoonsnijden\"}]<\/p>\n"}
2023-02-24 09:02:16	Meta
2023-02-24 09:02:16	{"key":"dc_connect-product_keys","value":"[{\"title\":\"Formaat\",\"value\":\"297x420\"},{\"title\":\"Materiaal\",\"value\":\"300 grams karton met viltmarkering  FSC | Tintoretto Gesso\"},{\"title\":\"Bedrukking\",\"value\":\"4\\\/4  | dubbelzijdig full-colour\"},{\"title\":\"Afwerking 1\",\"value\":\"schoonsnijden\"}]","display_key":"dc_connect-product_keys","display_value":"<p>[{\"title\":\"Formaat\",\"value\":\"297x420\"},{\"title\":\"Materiaal\",\"value\":\"300 grams karton met viltmarkering  FSC | Tintoretto Gesso\"},{\"title\":\"Bedrukking\",\"value\":\"4\\\/4  | dubbelzijdig full-colour\"},{\"title\":\"Afwerking 1\",\"value\":\"schoonsnijden\"}]<\/p>\n"}
2023-02-24 09:02:13	Meta
2023-02-24 09:02:13	{"key":"dc_connect-product_keys","value":"[{\"title\":\"Formaat\",\"value\":\"297x420\"},{\"title\":\"Materiaal\",\"value\":\"300 grams karton met viltmarkering  FSC | Tintoretto Gesso\"},{\"title\":\"Bedrukking\",\"value\":\"4\\\/4  | dubbelzijdig full-colour\"},{\"title\":\"Afwerking 1\",\"value\":\"schoonsnijden\"}]","display_key":"dc_connect-product_keys","display_value":"<p>[{\"title\":\"Formaat\",\"value\":\"297x420\"},{\"title\":\"Materiaal\",\"value\":\"300 grams karton met viltmarkering  FSC | Tintoretto Gesso\"},{\"title\":\"Bedrukking\",\"value\":\"4\\\/4  | dubbelzijdig full-colour\"},{\"title\":\"Afwerking 1\",\"value\":\"schoonsnijden\"}]<\/p>\n"}
2023-02-24 09:02:11	Meta
2023-02-24 09:02:11	{"key":"dc_connect-product_keys","value":"[{\"title\":\"Formaat\",\"value\":\"297x420\"},{\"title\":\"Materiaal\",\"value\":\"300 grams karton met viltmarkering  FSC | Tintoretto Gesso\"},{\"title\":\"Bedrukking\",\"value\":\"4\\\/4  | dubbelzijdig full-colour\"},{\"title\":\"Afwerking 1\",\"value\":\"schoonsnijden\"}]","display_key":"dc_connect-product_keys","display_value":"<p>[{\"title\":\"Formaat\",\"value\":\"297x420\"},{\"title\":\"Materiaal\",\"value\":\"300 grams karton met viltmarkering  FSC | Tintoretto Gesso\"},{\"title\":\"Bedrukking\",\"value\":\"4\\\/4  | dubbelzijdig full-colour\"},{\"title\":\"Afwerking 1\",\"value\":\"schoonsnijden\"}]<\/p>\n"}
2023-02-24 09:02:10	item_data: 
2023-02-24 09:02:10	{"product_type":"default","product_size":"297x420","custom_width":"297","custom_height":"420","bleed":"3","pages":"2","printtype":"12","papertype":"101","weight":"300","option[1]":"56","option[4]":"","versions":"1","dc-picked-quantity":"106","quantity":25,"add-to-cart":"11","addresses":1,"width":1,"height":1,"digicalculator_product":true,"make_unique":"20230222155058","key":"49e21543f78c54a15aafc28c5a02c4a3","product_id":11,"variation_id":0,"variation":[],"data_hash":"7cd2fb5adffd4bf8a7ffecb36dd0666b","line_tax_data":{"subtotal":[],"total":[]},"line_subtotal":22.125,"line_subtotal_tax":0,"line_total":22.125,"line_tax":0,"data":{}}
2023-02-23 07:27:22	Meta
2023-02-23 07:27:22	{"key":"Artikelen","value":"Flyertjes &times; 1, Printcalc &times; 25","display_key":"Artikelen","display_value":"<p>Flyertjes &times; 1, Printcalc &times; 25<\/p>\n"}
2023-02-23 07:27:22	Meta
2023-02-23 07:27:22	{"key":"dc_connect-product_keys","value":"[{\"title\":\"Formaat\",\"value\":\"297x420\"},{\"title\":\"Materiaal\",\"value\":\"300 grams karton met viltmarkering  FSC | Tintoretto Gesso\"},{\"title\":\"Bedrukking\",\"value\":\"4\\\/4  | dubbelzijdig full-colour\"},{\"title\":\"Afwerking 1\",\"value\":\"schoonsnijden\"}]","display_key":"dc_connect-product_keys","display_value":"<p>[{\"title\":\"Formaat\",\"value\":\"297x420\"},{\"title\":\"Materiaal\",\"value\":\"300 grams karton met viltmarkering  FSC | Tintoretto Gesso\"},{\"title\":\"Bedrukking\",\"value\":\"4\\\/4  | dubbelzijdig full-colour\"},{\"title\":\"Afwerking 1\",\"value\":\"schoonsnijden\"}]<\/p>\n"}
2023-02-23 07:27:22	Meta
2023-02-23 07:27:22	{"key":"option obj","value":"[{\"title\":\"Formaat\",\"value\":\"297x420\"},{\"title\":\"Materiaal\",\"value\":\"300 grams karton met viltmarkering  FSC | Tintoretto Gesso\"},{\"title\":\"Bedrukking\",\"value\":\"4\\\/4  | dubbelzijdig full-colour\"},{\"title\":\"Afwerking 1\",\"value\":\"schoonsnijden\"}]","display_key":"option obj","display_value":"<p>[{\"title\":\"Formaat\",\"value\":\"297x420\"},{\"title\":\"Materiaal\",\"value\":\"300 grams karton met viltmarkering  FSC | Tintoretto Gesso\"},{\"title\":\"Bedrukking\",\"value\":\"4\\\/4  | dubbelzijdig full-colour\"},{\"title\":\"Afwerking 1\",\"value\":\"schoonsnijden\"}]<\/p>\n"}
2023-02-23 07:27:22	Meta
2023-02-23 07:27:22	{"key":"Afwerking 1","value":"schoonsnijden","display_key":"Afwerking 1","display_value":"<p>schoonsnijden<\/p>\n"}
2023-02-23 07:27:22	Meta
2023-02-23 07:27:22	{"key":"Bedrukking","value":"4\/4  | dubbelzijdig full-colour","display_key":"Bedrukking","display_value":"<p>4\/4  | dubbelzijdig full-colour<\/p>\n"}
2023-02-23 07:27:22	Meta
2023-02-23 07:27:22	{"key":"Materiaal","value":"300 grams karton met viltmarkering  FSC | Tintoretto Gesso","display_key":"Materiaal","display_value":"<p>300 grams karton met viltmarkering  FSC | Tintoretto Gesso<\/p>\n"}
2023-02-23 07:27:22	Meta
2023-02-23 07:27:22	{"key":"Formaat","value":"297x420","display_key":"Formaat","display_value":"<p>297x420<\/p>\n"}
